n/1578571193649.jpg
n/1578571193654.jpg
n/1578571193648.jpg
n/1578571193645.png
n/1578571193644.png
n/1578571193652.jpg
n/1578430457832.jpg
n/1578571193651.jpg
n/1578430457835.png
n/1578571193654.png
n/1578430457826.png
n/1578571193642.png
n/1578430457831.jpg
n/1578571193650.jpg
n/1578430457834.png
n/1578571193653.png
n/1578430457825.png
n/1578571193641.png
n/1578430457830.jpg
n/1578571193647.jpg
n/1578430457829.jpg
n/1578571193646.jpg
n/1578430457828.jpg
n/1578571193645.jpg
n/1578430457822.png
n/1578571193638.png
n/1578430457827.jpg
n/1578571193643.jpg
n/1578430457825.jpg
n/1578571193641.jpg
n/1578430457833.png
n/1578571193652.png
n/1578430457832.png
n/1578571193650.png
n/indir.jpg
n/indir.png
n/1578430457824.jpg
n/1578571193640.jpg
n/1578430457821.jpg
n/1578571193637.jpg
n/images.png
n/images.jpg
n/1578430457823.png
n/1578571193639.png
n/1277391816Image000097.jpg
n/1277391816Image000092.jpg
n/1277391816Image000071.jpg
n/1277391792Image000096.jpg
n/1277391792Image000036.jpg
n/1277381655Image000007.jpg
n/1277381655Image000002.jpg
n/1277381624Image000017.jpg
n/1277381624Image000012.jpg
n/1277381624Image000007.jpg
n/1277381624Image000002.jpg
n/1277381619Image000016.jpg
n/1277381619Image000011.jpg
n/1277381619Image000006.jpg
n/1277381619Image000001.jpg
n/1277391816Image000117.jpg
n/1277391816Image000127.jpg
n/1277391816Image000107.jpg
n/1277391816Image000112.jpg
n/1277391816Image000122.jpg
n/1277391816Image000081.jpg
n/1277391816Image000087.jpg
n/1277391816Image000102.jpg
n/1277391816Image000061.jpg
n/1277391816Image000066.jpg
n/1277391816Image000076.jpg
n/1277391816Image000011.jpg
n/1277391816Image000016.jpg
n/1277391816Image000001.jpg
n/1277391816Image000006.jpg
n/1277391792Image000184.jpg
n/1277391792Image000192.jpg
n/1277391792Image000106.jpg
n/1277391792Image000101.jpg
n/1277391792Image000066.jpg
n/1277391792Image000046.jpg
n/1277391792Image000051.jpg
n/1277391792Image000056.jpg
n/1277391792Image000061.jpg
n/1277391792Image000021.jpg
n/1277391792Image000026.jpg
n/1277391792Image000031.jpg
n/1277391792Image000041.jpg
n/1277391792Image000011.jpg
n/1277391792Image000016.jpg
n/1277381655Image000012.jpg
n/1277381655Image000017.jpg