p/1578430457882.jpg 1 0 0 94 67
p/1578430457850.jpg 1 0 0 170 91
p/1578430457844.jpg 1 0 0 91 105
p/1578430457848.jpg 1 0 0 68 75
p/1578430457857.jpg 1 0 0 177 146
p/1578430457849.jpg 1 0 0 122 122
p/1578430457852.jpg 1 0 0 151 149
p/1578430457855.jpg 1 0 0 102 66
p/1578430457856.jpg 1 0 0 91 105
p/1578430457854.jpg 1 0 0 66 69
p/92.jpg 1 0 0 100 66
p/75.jpg 1 0 0 52 46
p/117.jpg 1 0 0 50 50
p/116.jpg 1 0 0 67 67
p/115.jpg 1 0 0 40 40
p/114.jpg 1 0 0 189 189
p/112.jpg 1 0 0 196 196
p/111.jpg 1 0 0 132 132
p/110.jpg 1 0 0 191 191
p/103.jpg 1 0 0 128 128
p/102.jpg 1 0 0 178 178
p/100.jpg 1 0 0 167 167
p/99.jpg 1 0 0 144 144
p/96.jpg 1 0 0 192 192
p/91.jpg 1 0 0 176 176
p/88.jpg 1 0 0 92 92
p/87.jpg 1 0 0 75 75
p/85.jpg 1 0 0 77 77
p/84.jpg 1 0 0 116 116
p/83.jpg 1 0 0 79 79
p/82.jpg 1 0 0 61 61
p/81.jpg 1 0 0 63 63
p/79.jpg 1 0 0 65 65
p/78.jpg 1 0 0 57 57
p/77.jpg 1 0 0 73 73
p/76.jpg 1 0 0 71 71
p/74.jpg 1 0 0 51 51
p/73.jpg 1 0 0 46 46
p/72.jpg 1 0 0 59 59
p/71.jpg 1 0 0 48 48
p/70.jpg 1 0 0 45 45
p/69.jpg 1 0 0 41 41
p/68.jpg 1 0 0 63 63
p/67.jpg 1 0 0 61 61
p/66.jpg 1 0 0 43 43
p/65.jpg 1 0 0 46 46
p/64.jpg 1 0 0 38 38
p/63.jpg 1 0 0 140 140
p/60.jpg 1 0 0 40 40
p/59.jpg 1 0 0 67 67
p/1.jpg 1 0 0 77 77
p/1578430457877.jpg 1 0 0 142 145
p/1578430457860.jpg 1 0 0 94 80
p/1578430457875.jpg 1 0 0 99 113
p/1578430457853.jpg 1 0 0 80 93
p/1578430457851.jpg 1 0 0 69 72
p/pedestrian_001.png 1 0 0 90 90
p/1578430457882.png 1 0 0 259 194
p/1578430457862.jpg 1 0 0 225 225
p/1578430457881.png 1 0 0 259 194
p/1578430457861.jpg 1 0 0 239 211
p/1578430457883.jpg 1 0 0 239 211
p/1578430457859.jpg 1 0 0 224 224
p/1578430457858.jpg 1 0 0 259 194
p/1578430457879.png 1 0 0 232 217
p/1578430457846.jpg 1 0 0 299 169
p/1578430457880.jpg 1 0 0 209 241
p/1578430457879.jpg 1 0 0 225 225
p/1578430457878.png 1 0 0 225 225
p/1578430457876.png 1 0 0 274 184
p/1578430457874.png 1 0 0 225 225
p/1578430457862.png 1 0 0 225 225
p/1578430457873.jpg 1 0 0 218 231
p/1578430457844.png 1 0 0 232 217
p/1578430457843.jpg 1 0 0 294 171
p/images.jpg 1 0 0 239 211
p/images.png 1 0 0 239 211
p/1578430457884.png 1 0 0 221 228
p/indir.png 1 0 0 221 228
p/indir.jpg 1 0 0 239 211
p/4.jpg 1 0 0 380 380